
-----------------------------------------------------------------
  pg_upgrade run on Tue Oct 28 09:30:47 2014
-----------------------------------------------------------------

You must identify the directory where the old cluster binaries reside.
Please use the -b command-line option or the PGBINOLD environment variable.
Try "pg_upgrade --help" for more information.

-----------------------------------------------------------------
  pg_upgrade run on Tue Oct 28 09:31:28 2014
-----------------------------------------------------------------

You must identify the directory where the old cluster binaries reside.
Please use the -b command-line option or the PGBINOLD environment variable.
Running in verbose mode

-----------------------------------------------------------------
  pg_upgrade run on Tue Oct 28 09:32:30 2014
-----------------------------------------------------------------

check for "/usr/local/Cellar/postgresql/9.2.4/bin" failed: No such file or directory

Running in verbose mode

-----------------------------------------------------------------
  pg_upgrade run on Tue Oct 28 09:32:38 2014
-----------------------------------------------------------------

check for "/usr/local/Cellar/postgresql/9.2.4/bin" failed: No such file or directory

